<?xml version="1.0" encoding="UTF-8"?>
<!-- Generated by org.testng.reporters.JUnitReportReporter -->
<testsuite hostname="DESKTOP-RNBKFSM" failures="0" tests="1" name="myDemo.TestMyTests" time="7.752" errors="0" timestamp="2023-05-24T05:29:48 WAT" skipped="0">
  <testcase classname="myDemo.TestMyTests" name="myApiTests" time="7.752"/>
  <system-out/>
</testsuite> <!-- myDemo.TestMyTests -->
