<?xml version="1.0" encoding="UTF-8"?>
<!-- Generated by org.testng.reporters.JUnitReportReporter -->
<testsuite hostname="DESKTOP-RNBKFSM" failures="0" tests="1" name="myDemo.SumValidation" time="1.358" errors="0" timestamp="2023-05-24T03:33:23 WAT" skipped="0">
  <testcase classname="myDemo.SumValidation" name="sumOfCourses" time="1.358"/>
  <system-out/>
</testsuite> <!-- myDemo.SumValidation -->
