<?xml version="1.0" encoding="UTF-8"?>
<!-- Generated by org.testng.reporters.JUnitReportReporter -->
<testsuite hostname="DESKTOP-RNBKFSM" failures="0" tests="6" name="myDemo.DynamicJson" time="6.060" errors="0" timestamp="2023-05-27T14:21:28 WAT" skipped="0">
  <testcase classname="myDemo.DynamicJson" name="deleteBook" time="0.695"/>
  <system-out/>
  <testcase classname="myDemo.DynamicJson" name="addBook" time="0.687"/>
  <system-out/>
  <testcase classname="myDemo.DynamicJson" name="deleteBook" time="0.829"/>
  <system-out/>
  <testcase classname="myDemo.DynamicJson" name="addBook" time="2.528"/>
  <system-out/>
  <testcase classname="myDemo.DynamicJson" name="addBook" time="0.704"/>
  <system-out/>
  <testcase classname="myDemo.DynamicJson" name="deleteBook" time="0.617"/>
  <system-out/>
</testsuite> <!-- myDemo.DynamicJson -->
